[0.031s] Invoking command in '/home/ichbinwil/Opencv_ROS/build/aruco': CMAKE_PREFIX_PATH=${CMAKE_PREFIX_PATH}:/opt/ros/humble /usr/bin/cmake --build /home/ichbinwil/Opencv_ROS/build/aruco -- -j8 -l8
[0.119s] [35m[1mConsolidate compiler generated dependencies of target aruco_detect[0m
[0.161s] [ 50%] [32mBuilding CXX object CMakeFiles/aruco_detect.dir/src/aruco_detect.cpp.o[0m
[6.135s] [01m[K/home/ichbinwil/Opencv_ROS/src/aruco/src/aruco_detect.cpp:28:3:[m[K [01;31m[Kerror: [m[KISO C++ forbids declaration of â€˜[01m[KArucoDetect[m[Kâ€™ with no type [[01;31m[K]8;;https://gcc.gnu.org/onlinedocs/gcc/Warning-Options.html#index-fpermissive-fpermissive]8;;[m[K]
[6.135s]    28 |   [01;31m[KArucoDetect[m[K(){
[6.135s]       |   [01;31m[K^~~~~~~~~~~[m[K
[6.135s] [01m[K/home/ichbinwil/Opencv_ROS/src/aruco/src/aruco_detect.cpp:66:34:[m[K [01;31m[Kerror: [m[Kredeclaration of â€˜[01m[Kcv::Ptr<cv::aruco::Dictionary> ArucoDetectNode::dictionary[m[Kâ€™
[6.135s]    66 |   cv::Ptr<cv::aruco::Dictionary> [01;31m[Kdictionary[m[K;
[6.135s]       |                                  [01;31m[K^~~~~~~~~~[m[K
[6.136s] [01m[K/home/ichbinwil/Opencv_ROS/src/aruco/src/aruco_detect.cpp:63:34:[m[K [01;36m[Knote: [m[Kprevious declaration â€˜[01m[Kcv::Ptr<cv::aruco::Dictionary> ArucoDetectNode::dictionary[m[Kâ€™
[6.136s]    63 |   cv::Ptr<cv::aruco::Dictionary> [01;36m[Kdictionary[m[K;
[6.136s]       |                                  [01;36m[K^~~~~~~~~~[m[K
[6.136s] [01m[K/home/ichbinwil/Opencv_ROS/src/aruco/src/aruco_detect.cpp:[m[K In member function â€˜[01m[Kint ArucoDetectNode::ArucoDetect()[m[Kâ€™:
[6.137s] [01m[K/home/ichbinwil/Opencv_ROS/src/aruco/src/aruco_detect.cpp:32:7:[m[K [01;31m[Kerror: [m[Kreturn-statement with no value, in function returning â€˜[01m[Kint[m[Kâ€™ [[01;31m[K]8;;https://gcc.gnu.org/onlinedocs/gcc/Warning-Options.html#index-fpermissive-fpermissive]8;;[m[K]
[6.137s]    32 |       [01;31m[Kreturn[m[K;
[6.137s]       |       [01;31m[K^~~~~~[m[K
[6.138s] [01m[K/home/ichbinwil/Opencv_ROS/src/aruco/src/aruco_detect.cpp:40:9:[m[K [01;31m[Kerror: [m[Kreturn-statement with no value, in function returning â€˜[01m[Kint[m[Kâ€™ [[01;31m[K]8;;https://gcc.gnu.org/onlinedocs/gcc/Warning-Options.html#index-fpermissive-fpermissive]8;;[m[K]
[6.138s]    40 |         [01;31m[Kreturn[m[K;
[6.138s]       |         [01;31m[K^~~~~~[m[K
[6.140s] [01m[K/home/ichbinwil/Opencv_ROS/src/aruco/src/aruco_detect.cpp:48:9:[m[K [01;31m[Kerror: [m[Kreturn-statement with no value, in function returning â€˜[01m[Kint[m[Kâ€™ [[01;31m[K]8;;https://gcc.gnu.org/onlinedocs/gcc/Warning-Options.html#index-fpermissive-fpermissive]8;;[m[K]
[6.140s]    48 |         [01;31m[Kreturn[m[K;
[6.140s]       |         [01;31m[K^~~~~~[m[K
[7.378s] In file included from [01m[K/usr/include/x86_64-linux-gnu/c++/11/bits/c++allocator.h:33[m[K,
[7.379s]                  from [01m[K/usr/include/c++/11/bits/allocator.h:46[m[K,
[7.379s]                  from [01m[K/usr/include/c++/11/string:41[m[K,
[7.379s]                  from [01m[K/usr/include/c++/11/bits/locale_classes.h:40[m[K,
[7.379s]                  from [01m[K/usr/include/c++/11/bits/ios_base.h:41[m[K,
[7.379s]                  from [01m[K/usr/include/c++/11/ios:42[m[K,
[7.379s]                  from [01m[K/usr/include/c++/11/ostream:38[m[K,
[7.379s]                  from [01m[K/usr/include/c++/11/iostream:39[m[K,
[7.379s]                  from [01m[K/home/ichbinwil/Opencv_ROS/src/aruco/src/aruco_detect.cpp:1[m[K:
[7.379s] /usr/include/c++/11/ext/new_allocator.h: In instantiation of â€˜[01m[Kvoid __gnu_cxx::new_allocator<_Tp>::construct(_Up*, _Args&& ...) [with _Up = ArucoDetectNode; _Args = {}; _Tp = ArucoDetectNode][m[Kâ€™:
[7.380s] [01m[K/usr/include/c++/11/bits/alloc_traits.h:516:17:[m[K   required from â€˜[01m[Kstatic void std::allocator_traits<std::allocator<_CharT> >::construct(std::allocator_traits<std::allocator<_CharT> >::allocator_type&, _Up*, _Args&& ...) [with _Up = ArucoDetectNode; _Args = {}; _Tp = ArucoDetectNode; std::allocator_traits<std::allocator<_CharT> >::allocator_type = std::allocator<ArucoDetectNode>][m[Kâ€™
[7.380s] [01m[K/usr/include/c++/11/bits/shared_ptr_base.h:519:39:[m[K   required from â€˜[01m[Kstd::_Sp_counted_ptr_inplace<_Tp, _Alloc, _Lp>::_Sp_counted_ptr_inplace(_Alloc, _Args&& ...) [with _Args = {}; _Tp = ArucoDetectNode; _Alloc = std::allocator<ArucoDetectNode>; __gnu_cxx::_Lock_policy _Lp = __gnu_cxx::_S_atomic][m[Kâ€™
[7.380s] [01m[K/usr/include/c++/11/bits/shared_ptr_base.h:650:16:[m[K   required from â€˜[01m[Kstd::__shared_count<_Lp>::__shared_count(_Tp*&, std::_Sp_alloc_shared_tag<_Alloc>, _Args&& ...) [with _Tp = ArucoDetectNode; _Alloc = std::allocator<ArucoDetectNode>; _Args = {}; __gnu_cxx::_Lock_policy _Lp = __gnu_cxx::_S_atomic][m[Kâ€™
[7.380s] [01m[K/usr/include/c++/11/bits/shared_ptr_base.h:1342:14:[m[K   required from â€˜[01m[Kstd::__shared_ptr<_Tp, _Lp>::__shared_ptr(std::_Sp_alloc_shared_tag<_Tp>, _Args&& ...) [with _Alloc = std::allocator<ArucoDetectNode>; _Args = {}; _Tp = ArucoDetectNode; __gnu_cxx::_Lock_policy _Lp = __gnu_cxx::_S_atomic][m[Kâ€™
[7.380s] [01m[K/usr/include/c++/11/bits/shared_ptr.h:409:59:[m[K   required from â€˜[01m[Kstd::shared_ptr<_Tp>::shared_ptr(std::_Sp_alloc_shared_tag<_Tp>, _Args&& ...) [with _Alloc = std::allocator<ArucoDetectNode>; _Args = {}; _Tp = ArucoDetectNode][m[Kâ€™
[7.380s] [01m[K/usr/include/c++/11/bits/shared_ptr.h:862:14:[m[K   required from â€˜[01m[Kstd::shared_ptr<_Tp> std::allocate_shared(const _Alloc&, _Args&& ...) [with _Tp = ArucoDetectNode; _Alloc = std::allocator<ArucoDetectNode>; _Args = {}][m[Kâ€™
[7.380s] [01m[K/usr/include/c++/11/bits/shared_ptr.h:878:39:[m[K   required from â€˜[01m[Kstd::shared_ptr<_Tp> std::make_shared(_Args&& ...) [with _Tp = ArucoDetectNode; _Args = {}][m[Kâ€™
[7.380s] [01m[K/home/ichbinwil/Opencv_ROS/src/aruco/src/aruco_detect.cpp:126:48:[m[K   required from here
[7.381s] [01m[K/usr/include/c++/11/ext/new_allocator.h:162:11:[m[K [01;31m[Kerror: [m[Kuse of deleted function â€˜[01m[KArucoDetectNode::ArucoDetectNode()[m[Kâ€™
[7.381s]   162 |         { [01;31m[K::new((void *)__p) _Up(std::forward<_Args>(__args)...)[m[K; }
[7.381s]       |           [01;31m[K^~~~~~~~~~~~~~~~~~~~~~~~~~~~~~~~~~~~~~~~~~~~~~~~~~~~~~[m[K
[7.381s] [01m[K/home/ichbinwil/Opencv_ROS/src/aruco/src/aruco_detect.cpp:26:7:[m[K [01;36m[Knote: [m[Kâ€˜[01m[KArucoDetectNode::ArucoDetectNode()[m[Kâ€™ is implicitly deleted because the default definition would be ill-formed:
[7.381s]    26 | class [01;36m[KArucoDetectNode[m[K : public rclcpp::Node {
[7.381s]       |       [01;36m[K^~~~~~~~~~~~~~~[m[K
[7.381s] [01m[K/home/ichbinwil/Opencv_ROS/src/aruco/src/aruco_detect.cpp:26:7:[m[K [01;31m[Kerror: [m[Kno matching function for call to â€˜[01m[Krclcpp::Node::Node()[m[Kâ€™
[7.381s] In file included from [01m[K/opt/ros/humble/include/rclcpp/rclcpp/executors/single_threaded_executor.hpp:28[m[K,
[7.381s]                  from [01m[K/opt/ros/humble/include/rclcpp/rclcpp/executors.hpp:22[m[K,
[7.382s]                  from [01m[K/opt/ros/humble/include/rclcpp/rclcpp/rclcpp.hpp:155[m[K,
[7.382s]                  from [01m[K/home/ichbinwil/Opencv_ROS/src/aruco/src/aruco_detect.cpp:5[m[K:
[7.382s] [01m[K/opt/ros/humble/include/rclcpp/rclcpp/node.hpp:1294:3:[m[K [01;36m[Knote: [m[Kcandidate: â€˜[01m[Krclcpp::Node::Node(const rclcpp::Node&, const string&)[m[Kâ€™
[7.382s]  1294 |   [01;36m[KNode[m[K(
[7.382s]       |   [01;36m[K^~~~[m[K
[7.382s] [01m[K/opt/ros/humble/include/rclcpp/rclcpp/node.hpp:1294:3:[m[K [01;36m[Knote: [m[K  candidate expects 2 arguments, 0 provided
[7.382s] [01m[K/opt/ros/humble/include/rclcpp/rclcpp/node.hpp:101:12:[m[K [01;36m[Knote: [m[Kcandidate: â€˜[01m[Krclcpp::Node::Node(const string&, const string&, const rclcpp::NodeOptions&)[m[Kâ€™
[7.382s]   101 |   explicit [01;36m[KNode[m[K(
[7.382s]       |            [01;36m[K^~~~[m[K
[7.382s] [01m[K/opt/ros/humble/include/rclcpp/rclcpp/node.hpp:101:12:[m[K [01;36m[Knote: [m[K  candidate expects 3 arguments, 0 provided
[7.383s] [01m[K/opt/ros/humble/include/rclcpp/rclcpp/node.hpp:89:12:[m[K [01;36m[Knote: [m[Kcandidate: â€˜[01m[Krclcpp::Node::Node(const string&, const rclcpp::NodeOptions&)[m[Kâ€™
[7.383s]    89 |   explicit [01;36m[KNode[m[K(
[7.383s]       |            [01;36m[K^~~~[m[K
[7.383s] [01m[K/opt/ros/humble/include/rclcpp/rclcpp/node.hpp:89:12:[m[K [01;36m[Knote: [m[K  candidate expects 2 arguments, 0 provided
[7.667s] gmake[2]: *** [CMakeFiles/aruco_detect.dir/build.make:76: CMakeFiles/aruco_detect.dir/src/aruco_detect.cpp.o] Error 1
[7.668s] gmake[1]: *** [CMakeFiles/Makefile2:137: CMakeFiles/aruco_detect.dir/all] Error 2
[7.668s] gmake: *** [Makefile:146: all] Error 2
[7.674s] Invoked command in '/home/ichbinwil/Opencv_ROS/build/aruco' returned '2': CMAKE_PREFIX_PATH=${CMAKE_PREFIX_PATH}:/opt/ros/humble /usr/bin/cmake --build /home/ichbinwil/Opencv_ROS/build/aruco -- -j8 -l8
