[01m[K/home/ichbinwil/Opencv_ROS/src/aruco/src/aruco_detect.cpp:25:23:[m[K [01;31m[Kerror: [m[Kexpected unqualified-id before â€˜[01m[K)[m[Kâ€™ token
   25 | class ArucoDetectNode([01;31m[K)[m[K : public rclcpp::Node {
      |                       [01;31m[K^[m[K
[01m[K/home/ichbinwil/Opencv_ROS/src/aruco/src/aruco_detect.cpp:[m[K In function â€˜[01m[Kint main()[m[Kâ€™:
[01m[K/home/ichbinwil/Opencv_ROS/src/aruco/src/aruco_detect.cpp:124:3:[m[K [01;31m[Kerror: [m[Kâ€˜[01m[Krclcpp[m[Kâ€™ has not been declared
  124 |   [01;31m[Krclcpp[m[K::init(argc, argv);
      |   [01;31m[K^~~~~~[m[K
[01m[K/home/ichbinwil/Opencv_ROS/src/aruco/src/aruco_detect.cpp:124:16:[m[K [01;31m[Kerror: [m[Kâ€˜[01m[Kargc[m[Kâ€™ was not declared in this scope
  124 |   rclcpp::init([01;31m[Kargc[m[K, argv);
      |                [01;31m[K^~~~[m[K
[01m[K/home/ichbinwil/Opencv_ROS/src/aruco/src/aruco_detect.cpp:124:22:[m[K [01;31m[Kerror: [m[Kâ€˜[01m[Kargv[m[Kâ€™ was not declared in this scope
  124 |   rclcpp::init(argc, [01;31m[Kargv[m[K);
      |                      [01;31m[K^~~~[m[K
[01m[K/home/ichbinwil/Opencv_ROS/src/aruco/src/aruco_detect.cpp:126:7:[m[K [01;31m[Kerror: [m[Kinvalid use of incomplete type â€˜[01m[Kusing element_type = class ArucoDetectNode[m[Kâ€™ {aka â€˜[01m[Kclass ArucoDetectNode[m[Kâ€™}
  126 |   node[01;31m[K->[m[Kinit();
      |       [01;31m[K^~[m[K
[01m[K/home/ichbinwil/Opencv_ROS/src/aruco/src/aruco_detect.cpp:25:7:[m[K [01;36m[Knote: [m[Kforward declaration of â€˜[01m[Kusing element_type = class ArucoDetectNode[m[Kâ€™ {aka â€˜[01m[Kclass ArucoDetectNode[m[Kâ€™}
   25 | class [01;36m[KArucoDetectNode[m[K() : public rclcpp::Node {
      |       [01;36m[K^~~~~~~~~~~~~~~[m[K
[01m[K/home/ichbinwil/Opencv_ROS/src/aruco/src/aruco_detect.cpp:127:3:[m[K [01;31m[Kerror: [m[Kâ€˜[01m[Krclcpp[m[Kâ€™ has not been declared
  127 |   [01;31m[Krclcpp[m[K::spin(node);
      |   [01;31m[K^~~~~~[m[K
[01m[K/home/ichbinwil/Opencv_ROS/src/aruco/src/aruco_detect.cpp:128:3:[m[K [01;31m[Kerror: [m[Kâ€˜[01m[Krclcpp[m[Kâ€™ has not been declared
  128 |   [01;31m[Krclcpp[m[K::shutdown();
      |   [01;31m[K^~~~~~[m[K
In file included from [01m[K/usr/include/c++/11/unordered_map:42[m[K,
                 from [01m[K/usr/include/c++/11/functional:61[m[K,
                 from [01m[K/usr/include/c++/11/pstl/glue_algorithm_defs.h:13[m[K,
                 from [01m[K/usr/include/c++/11/algorithm:74[m[K,
                 from [01m[K/usr/include/opencv4/opencv2/core/base.hpp:55[m[K,
                 from [01m[K/usr/include/opencv4/opencv2/core.hpp:53[m[K,
                 from [01m[K/usr/include/opencv4/opencv2/opencv.hpp:52[m[K,
                 from [01m[K/home/ichbinwil/Opencv_ROS/src/aruco/src/aruco_detect.cpp:3[m[K:
/usr/include/c++/11/ext/aligned_buffer.h: In instantiation of â€˜[01m[Kstruct __gnu_cxx::__aligned_buffer<ArucoDetectNode>[m[Kâ€™:
[01m[K/usr/include/c++/11/bits/shared_ptr_base.h:506:35:[m[K   required from â€˜[01m[Kclass std::_Sp_counted_ptr_inplace<ArucoDetectNode, std::allocator<ArucoDetectNode>, __gnu_cxx::_S_atomic>::_Impl[m[Kâ€™
[01m[K/usr/include/c++/11/bits/shared_ptr_base.h:567:13:[m[K   required from â€˜[01m[Kclass std::_Sp_counted_ptr_inplace<ArucoDetectNode, std::allocator<ArucoDetectNode>, __gnu_cxx::_S_atomic>[m[Kâ€™
[01m[K/usr/include/c++/11/bits/shared_ptr_base.h:647:43:[m[K   required from â€˜[01m[Kstd::__shared_count<_Lp>::__shared_count(_Tp*&, std::_Sp_alloc_shared_tag<_Alloc>, _Args&& ...) [with _Tp = ArucoDetectNode; _Alloc = std::allocator<ArucoDetectNode>; _Args = {}; __gnu_cxx::_Lock_policy _Lp = __gnu_cxx::_S_atomic][m[Kâ€™
[01m[K/usr/include/c++/11/bits/shared_ptr_base.h:1342:14:[m[K   required from â€˜[01m[Kstd::__shared_ptr<_Tp, _Lp>::__shared_ptr(std::_Sp_alloc_shared_tag<_Tp>, _Args&& ...) [with _Alloc = std::allocator<ArucoDetectNode>; _Args = {}; _Tp = ArucoDetectNode; __gnu_cxx::_Lock_policy _Lp = __gnu_cxx::_S_atomic][m[Kâ€™
[01m[K/usr/include/c++/11/bits/shared_ptr.h:409:59:[m[K   required from â€˜[01m[Kstd::shared_ptr<_Tp>::shared_ptr(std::_Sp_alloc_shared_tag<_Tp>, _Args&& ...) [with _Alloc = std::allocator<ArucoDetectNode>; _Args = {}; _Tp = ArucoDetectNode][m[Kâ€™
[01m[K/usr/include/c++/11/bits/shared_ptr.h:862:14:[m[K   required from â€˜[01m[Kstd::shared_ptr<_Tp> std::allocate_shared(const _Alloc&, _Args&& ...) [with _Tp = ArucoDetectNode; _Alloc = std::allocator<ArucoDetectNode>; _Args = {}][m[Kâ€™
[01m[K/usr/include/c++/11/bits/shared_ptr.h:878:39:[m[K   required from â€˜[01m[Kstd::shared_ptr<_Tp> std::make_shared(_Args&& ...) [with _Tp = ArucoDetectNode; _Args = {}][m[Kâ€™
[01m[K/home/ichbinwil/Opencv_ROS/src/aruco/src/aruco_detect.cpp:125:48:[m[K   required from here
[01m[K/usr/include/c++/11/ext/aligned_buffer.h:91:28:[m[K [01;31m[Kerror: [m[Kinvalid application of â€˜[01m[Ksizeof[m[Kâ€™ to incomplete type â€˜[01m[KArucoDetectNode[m[Kâ€™
   91 |     : std::aligned_storage<[01;31m[Ksizeof(_Tp)[m[K, __alignof__(_Tp)>
      |                            [01;31m[K^~~~~~~~~~~[m[K
[01m[K/usr/include/c++/11/ext/aligned_buffer.h:91:28:[m[K [01;31m[Kerror: [m[Kinvalid application of â€˜[01m[Ksizeof[m[Kâ€™ to incomplete type â€˜[01m[KArucoDetectNode[m[Kâ€™
gmake[2]: *** [CMakeFiles/aruco_detect.dir/build.make:76: CMakeFiles/aruco_detect.dir/src/aruco_detect.cpp.o] Error 1
gmake[1]: *** [CMakeFiles/Makefile2:137: CMakeFiles/aruco_detect.dir/all] Error 2
gmake: *** [Makefile:146: all] Error 2
