[0.027s] Invoking command in '/home/ichbinwil/Opencv_ROS/build/aruco': CMAKE_PREFIX_PATH=${CMAKE_PREFIX_PATH}:/opt/ros/humble /usr/bin/cmake --build /home/ichbinwil/Opencv_ROS/build/aruco -- -j8 -l8
[0.122s] [35m[1mConsolidate compiler generated dependencies of target aruco_detect[0m
[0.162s] [ 50%] [32mBuilding CXX object CMakeFiles/aruco_detect.dir/src/aruco_detect.cpp.o[0m
[5.976s] [01m[K/home/ichbinwil/Opencv_ROS/src/aruco/src/aruco_detect.cpp:[m[K In constructor â€˜[01m[KArucoDetectNode::ArucoDetectNode()[m[Kâ€™:
[5.976s] [01m[K/home/ichbinwil/Opencv_ROS/src/aruco/src/aruco_detect.cpp:28:20:[m[K [01;31m[Kerror: [m[Kno matching function for call to â€˜[01m[Krclcpp::Node::Node()[m[Kâ€™
[5.976s]    28 |   ArucoDetectNode()[01;31m[K{[m[K
[5.976s]       |                    [01;31m[K^[m[K
[5.977s] In file included from [01m[K/opt/ros/humble/include/rclcpp/rclcpp/executors/single_threaded_executor.hpp:28[m[K,
[5.977s]                  from [01m[K/opt/ros/humble/include/rclcpp/rclcpp/executors.hpp:22[m[K,
[5.977s]                  from [01m[K/opt/ros/humble/include/rclcpp/rclcpp/rclcpp.hpp:155[m[K,
[5.977s]                  from [01m[K/home/ichbinwil/Opencv_ROS/src/aruco/src/aruco_detect.cpp:5[m[K:
[5.978s] [01m[K/opt/ros/humble/include/rclcpp/rclcpp/node.hpp:1294:3:[m[K [01;36m[Knote: [m[Kcandidate: â€˜[01m[Krclcpp::Node::Node(const rclcpp::Node&, const string&)[m[Kâ€™
[5.978s]  1294 |   [01;36m[KNode[m[K(
[5.978s]       |   [01;36m[K^~~~[m[K
[5.978s] [01m[K/opt/ros/humble/include/rclcpp/rclcpp/node.hpp:1294:3:[m[K [01;36m[Knote: [m[K  candidate expects 2 arguments, 0 provided
[5.978s] [01m[K/opt/ros/humble/include/rclcpp/rclcpp/node.hpp:101:12:[m[K [01;36m[Knote: [m[Kcandidate: â€˜[01m[Krclcpp::Node::Node(const string&, const string&, const rclcpp::NodeOptions&)[m[Kâ€™
[5.979s]   101 |   explicit [01;36m[KNode[m[K(
[5.979s]       |            [01;36m[K^~~~[m[K
[5.979s] [01m[K/opt/ros/humble/include/rclcpp/rclcpp/node.hpp:101:12:[m[K [01;36m[Knote: [m[K  candidate expects 3 arguments, 0 provided
[5.979s] [01m[K/opt/ros/humble/include/rclcpp/rclcpp/node.hpp:89:12:[m[K [01;36m[Knote: [m[Kcandidate: â€˜[01m[Krclcpp::Node::Node(const string&, const rclcpp::NodeOptions&)[m[Kâ€™
[5.979s]    89 |   explicit [01;36m[KNode[m[K(
[5.979s]       |            [01;36m[K^~~~[m[K
[5.979s] [01m[K/opt/ros/humble/include/rclcpp/rclcpp/node.hpp:89:12:[m[K [01;36m[Knote: [m[K  candidate expects 2 arguments, 0 provided
[7.419s] gmake[2]: *** [CMakeFiles/aruco_detect.dir/build.make:76: CMakeFiles/aruco_detect.dir/src/aruco_detect.cpp.o] Error 1
[7.420s] gmake[1]: *** [CMakeFiles/Makefile2:137: CMakeFiles/aruco_detect.dir/all] Error 2
[7.420s] gmake: *** [Makefile:146: all] Error 2
[7.424s] Invoked command in '/home/ichbinwil/Opencv_ROS/build/aruco' returned '2': CMAKE_PREFIX_PATH=${CMAKE_PREFIX_PATH}:/opt/ros/humble /usr/bin/cmake --build /home/ichbinwil/Opencv_ROS/build/aruco -- -j8 -l8
